Determining if the pthread_create exist failed with the following output:
Change Dir: /home/workspace/SFND_3D_Object_Tracking/build/CMakeFiles/CMakeTmp

Run Build Command:"/usr/bin/make" "cmTC_cc007/fast"
make[1]: Entering directory '/home/workspace/SFND_3D_Object_Tracking/build/CMakeFiles/CMakeTmp'
/usr/bin/make -f CMakeFiles/cmTC_cc007.dir/build.make CMakeFiles/cmTC_cc007.dir/build
make[2]: Entering directory '/home/workspace/SFND_3D_Object_Tracking/build/CMakeFiles/CMakeTmp'
Building C object CMakeFiles/cmTC_cc007.dir/CheckSymbolExists.c.o
/usr/bin/cc    -o CMakeFiles/cmTC_cc007.dir/CheckSymbolExists.c.o   -c /home/workspace/SFND_3D_Object_Tracking/build/CMakeFiles/CMakeTmp/CheckSymbolExists.c
Linking C executable cmTC_cc007
/usr/local/bin/cmake -E cmake_link_script CMakeFiles/cmTC_cc007.dir/link.txt --verbose=1
/usr/bin/cc      -rdynamic CMakeFiles/cmTC_cc007.dir/CheckSymbolExists.c.o  -o cmTC_cc007 
CMakeFiles/cmTC_cc007.dir/CheckSymbolExists.c.o: In function `main':
CheckSymbolExists.c:(.text+0x16): undefined reference to `pthread_create'
collect2: error: ld returned 1 exit status
CMakeFiles/cmTC_cc007.dir/build.make:86: recipe for target 'cmTC_cc007' failed
make[2]: *** [cmTC_cc007] Error 1
make[2]: Leaving directory '/home/workspace/SFND_3D_Object_Tracking/build/CMakeFiles/CMakeTmp'
Makefile:121: recipe for target 'cmTC_cc007/fast' failed
make[1]: *** [cmTC_cc007/fast] Error 2
make[1]: Leaving directory '/home/workspace/SFND_3D_Object_Tracking/build/CMakeFiles/CMakeTmp'

File /home/workspace/SFND_3D_Object_Tracking/build/CMakeFiles/CMakeTmp/CheckSymbolExists.c:
/* */
#include <pthread.h>

int main(int argc, char** argv)
{
  (void)argv;
#ifndef pthread_create
  return ((int*)(&pthread_create))[argc];
#else
  (void)argc;
  return 0;
#endif
}

Determining if the function pthread_create exists in the pthreads failed with the following output:
Change Dir: /home/workspace/SFND_3D_Object_Tracking/build/CMakeFiles/CMakeTmp

Run Build Command:"/usr/bin/make" "cmTC_daac0/fast"
make[1]: Entering directory '/home/workspace/SFND_3D_Object_Tracking/build/CMakeFiles/CMakeTmp'
/usr/bin/make -f CMakeFiles/cmTC_daac0.dir/build.make CMakeFiles/cmTC_daac0.dir/build
make[2]: Entering directory '/home/workspace/SFND_3D_Object_Tracking/build/CMakeFiles/CMakeTmp'
Building C object CMakeFiles/cmTC_daac0.dir/CheckFunctionExists.c.o
/usr/bin/cc   -DCHECK_FUNCTION_EXISTS=pthread_create   -o CMakeFiles/cmTC_daac0.dir/CheckFunctionExists.c.o   -c /usr/local/share/cmake-3.13/Modules/CheckFunctionExists.c
Linking C executable cmTC_daac0
/usr/local/bin/cmake -E cmake_link_script CMakeFiles/cmTC_daac0.dir/link.txt --verbose=1
/usr/bin/cc  -DCHECK_FUNCTION_EXISTS=pthread_create    -rdynamic CMakeFiles/cmTC_daac0.dir/CheckFunctionExists.c.o  -o cmTC_daac0 -lpthreads 
/usr/bin/ld: cannot find -lpthreads
collect2: error: ld returned 1 exit status
CMakeFiles/cmTC_daac0.dir/build.make:86: recipe for target 'cmTC_daac0' failed
make[2]: *** [cmTC_daac0] Error 1
make[2]: Leaving directory '/home/workspace/SFND_3D_Object_Tracking/build/CMakeFiles/CMakeTmp'
Makefile:121: recipe for target 'cmTC_daac0/fast' failed
make[1]: *** [cmTC_daac0/fast] Error 2
make[1]: Leaving directory '/home/workspace/SFND_3D_Object_Tracking/build/CMakeFiles/CMakeTmp'


